[81150:8098185:0530/120744.968467:INFO:components/enterprise/browser/controller/chrome_browser_cloud_management_controller.cc:202] No machine level policy manager exists.
[81150:8098185:0530/120745.013005:WARNING:chrome/browser/extensions/extension_service.cc:359] --load-extension is not allowed in Google Chrome, ignoring.
[81150:8098185:0530/120747.519569:INFO:CONSOLE:2] "⏳ measure_backend_time: 1583ms", source: https://www.glassdoor.com.hk/garnish/static/js/gd-vendor.bundle.431cd.js (2)
[81150:8098185:0530/120747.524562:INFO:CONSOLE:2] "⏳ measure_site_init: 1637.7ms", source: https://www.glassdoor.com.hk/garnish/static/js/gd-vendor.bundle.431cd.js (2)
[81150:8098185:0530/120747.524991:INFO:CONSOLE:2] "gd-perf.js: Error in measure 'measure_perceived_load': SyntaxError: Failed to execute 'measure' on 'Performance': The mark 'mark_perceived_load' does not exist.", source: https://www.glassdoor.com.hk/garnish/static/js/gd-vendor.bundle.431cd.js (2)
[81150:8098185:0530/120747.525283:INFO:CONSOLE:2] "⏳ measure_core_bottom: 4.3ms", source: https://www.glassdoor.com.hk/garnish/static/js/gd-vendor.bundle.431cd.js (2)
[81150:8098185:0530/120747.819094:INFO:CONSOLE:1] "[experiments-client] experiments not enabled warn", source: https://www.glassdoor.com.hk/seo-pages/assets/_next/static/chunks/pages/index-b939e622b4ae10ec.js (1)
[81150:8098185:0530/120747.886321:INFO:CONSOLE:1] "This version of the RudderStack JavaScript SDK is deprecated and no longer maintained. While your events are still being tracked and delivered, we strongly recommend you to migrate to the latest version (v3) for enhanced features, security updates, and ongoing support. For more details, visit the migration guide: https://www.rudderstack.com/docs/sources/event-streams/sdks/rudderstack-javascript-sdk/migration-guide/.", source: https://www.datadoghq-browser-agent.com/datadog-rum-v4.js (1)
[81150:8098185:0530/120747.900212:INFO:CONSOLE:2] "afterFB.run() completed.", source: https://www.glassdoor.com.hk/garnish/static/js/gd-vendor.bundle.431cd.js (2)
[81150:8098185:0530/120748.364939:INFO:CONSOLE:1] "[experiments-client] experiments not enabled warn", source: https://www.glassdoor.com.hk/seo-pages/assets/_next/static/chunks/pages/index-b939e622b4ae10ec.js (1)
[81150:8098185:0530/120748.403212:INFO:CONSOLE:2] "window.fbAsyncInit called.", source: https://www.glassdoor.com.hk/garnish/static/js/gd-vendor.bundle.431cd.js (2)
[81150:8098185:0530/120748.403716:INFO:CONSOLE:2] "FB.init called.", source: https://www.glassdoor.com.hk/garnish/static/js/gd-vendor.bundle.431cd.js (2)
[81150:8098185:0530/120748.429185:INFO:CONSOLE:6] "[object Object]", source:  (6)
[81150:8098185:0530/120748.429292:INFO:CONSOLE:6] "[object Object]", source:  (6)
[81150:8098185:0530/120748.429371:INFO:CONSOLE:6] "no DL user id", source:  (6)
[81150:8098185:0530/120748.429425:INFO:CONSOLE:6] "no stored DL user id", source:  (6)
[81150:8098185:0530/120748.464681:INFO:CONSOLE:1] "[Core Web Vitals] Beginning tag 'CHTML - Core Web Vitals - Initialization'", source:  (1)
[81150:8098185:0530/120748.464758:INFO:CONSOLE:1] "[Core Web Vitals] Beginning to load Web Vitals script", source:  (1)
[81150:8098185:0530/120748.464901:INFO:CONSOLE:8] "[Core Web Vitals] Ending tag 'Core Web Vitals - Initialization'", source:  (8)
[81150:8098185:0530/120748.486618:INFO:CONSOLE:13] "[Core Web Vitals] webVitals and / or webVitals.flushQueue not present (K); false false", source:  (13)
[81150:8098185:0530/120748.534234:INFO:CONSOLE:2] "[Core Web Vitals] Loaded Web Vitals script", source:  (2)
[81150:8098185:0530/120748.535133:INFO:CONSOLE:3] "[Core Web Vitals] Adding to queue: {"name":"FCP","value":1544,"rating":"good","delta":1544,"entries":[{"name":"first-contentful-paint","entryType":"paint","startTime":1544,"duration":0}],"id":"v5-1748578068534-2611039719293","navigationType":"navigate"}", source:  (3)
[81150:8098185:0530/120748.585600:INFO:CONSOLE:2] "Event: SW: success [cached] true", source: https://www.glassdoor.com.hk/garnish/static/js/gd-vendor.bundle.431cd.js (2)
[81150:8098185:0530/120748.937368:INFO:CONSOLE:73] "[GSI_LOGGER]: Your client application uses one of the Google One Tap prompt UI status methods that may stop functioning when FedCM becomes mandatory. Refer to the migration guide to update your code accordingly and opt-in to FedCM to test your changes. Learn more: https://developers.google.com/identity/gsi/web/guides/fedcm-migration?s=dc#display_moment and https://developers.google.com/identity/gsi/web/guides/fedcm-migration?s=dc#skipped_moment", source: https://accounts.google.com/gsi/client (73)
[81150:8098185:0530/120748.939633:INFO:CONSOLE:73] "[GSI_LOGGER]: Your client application uses one of the Google One Tap prompt UI status methods that may stop functioning when FedCM becomes mandatory. Refer to the migration guide to update your code accordingly and opt-in to FedCM to test your changes. Learn more: https://developers.google.com/identity/gsi/web/guides/fedcm-migration?s=dc#display_moment and https://developers.google.com/identity/gsi/web/guides/fedcm-migration?s=dc#skipped_moment", source: https://accounts.google.com/gsi/client (73)
[81150:8098185:0530/120748.959304:INFO:CONSOLE:3] "[Core Web Vitals] Adding to queue: {"name":"TTFB","value":1335.199999988079,"rating":"needs-improvement","delta":1335.199999988079,"entries":[{"name":"https://www.glassdoor.com.hk/index.htm?countryRedirect=true","entryType":"navigation","startTime":0,"duration":3052.899999976158,"initiatorType":"navigation","deliveryType":"","nextHopProtocol":"h2","renderBlockingStatus":"non-blocking","workerStart":0,"redirectStart":0,"redirectEnd":0,"fetchStart":527.6999999880791,"domainLookupStart":529.0999999642372,"domainLookupEnd":577.5999999642372,"connectStart":577.5999999642372,"secureConnectionStart":586.3999999761581,"connectEnd":663.2999999523163,"requestStart":663.5,"responseStart":1335.199999988079,"firstInterimResponseStart":0,"finalResponseHeadersStart":1335.199999988079,"responseEnd":1583.199999988079,"transferSize":546329,"encodedBodySize":546029,"decodedBodySize":1663020,"responseStatus":200,"serverTiming":[{"name":"cfCacheStatus","duration":0,"description":"DYNAMIC"}],"unloadEventStart":0,"unloadEventEnd":0,"domInteractive":1592.5999999642372,"domContentLoadedEventStart":1914.199999988079,"domContentLoadedEventEnd":1915.5,"domComplete":3042,"loadEventStart":3042.2999999523163,"loadEventEnd":3052.899999976158,"type":"navigate","redirectCount":0,"activationStart":0,"criticalCHRestart":0,"notRestoredReasons":null}],"id":"v5-1748578068534-2428123773001","navigationType":"navigate"}", source:  (3)
[81150:8098185:0530/120748.959555:INFO:CONSOLE:0] "Not signed in with the identity provider.", source: https://www.glassdoor.com.hk/index.htm?countryRedirect=true (0)
[81150:8098185:0530/120748.959870:INFO:CONSOLE:1] "[GSI_LOGGER]: FedCM get() rejects with NotAllowedError: Only one navigator.credentials.get request may be outstanding at one time.", source: https://www.datadoghq-browser-agent.com/datadog-rum-v4.js (1)
[81150:8098185:0530/120748.960307:INFO:CONSOLE:0] "Only one navigator.credentials.get request may be outstanding at one time.", source: https://www.glassdoor.com.hk/index.htm?countryRedirect=true (0)
[81150:8098185:0530/120749.510458:INFO:CONSOLE:1] "[GSI_LOGGER]: FedCM get() rejects with NetworkError: Error retrieving a token.", source: https://www.datadoghq-browser-agent.com/datadog-rum-v4.js (1)
[81150:8098185:0530/120749.523305:INFO:CONSOLE:3] "[Core Web Vitals] Adding to queue: {"name":"LCP","value":1544,"rating":"good","delta":1544,"entries":[{"name":"","entryType":"largest-contentful-paint","startTime":1544,"duration":0,"size":33561,"renderTime":1544,"loadTime":0,"id":"","url":""}],"id":"v5-1748578068534-3146707932908","navigationType":"navigate"}", source:  (3)
[81150:8098185:0530/120754.537853:INFO:CONSOLE:3] "[Core Web Vitals] Adding to queue: {"name":"INP","value":112,"rating":"good","delta":112,"entries":[{"name":"pointerdown","entryType":"event","startTime":3531,"duration":112,"interactionId":4413,"processingStart":3547.2999999523163,"processingEnd":3547.599999964237,"cancelable":true},{"name":"pointerdown","entryType":"first-input","startTime":3531,"duration":112,"interactionId":4413,"processingStart":3547.2999999523163,"processingEnd":3547.599999964237,"cancelable":true}],"id":"v5-1748578068534-7753476207948","navigationType":"navigate"}", source:  (3)
[81150:8098185:0530/120754.537900:INFO:CONSOLE:3] "[Core Web Vitals] Adding to queue: {"name":"CLS","value":0,"rating":"good","delta":0,"entries":[],"id":"v5-1748578068534-2775833889698","navigationType":"navigate"}", source:  (3)
[81150:8098185:0530/120754.537913:INFO:CONSOLE:7] "[Core Web Vitals] Flushing queue on visibilitychange (F)", source:  (7)
[81150:8098185:0530/120754.538105:INFO:CONSOLE:3] "[Core Web Vitals] Parsing CWV entry", source:  (3)
[81150:8098185:0530/120754.538178:INFO:CONSOLE:3] "[Core Web Vitals] Parsing CWV entry", source:  (3)
[81150:8098185:0530/120754.538192:INFO:CONSOLE:3] "[Core Web Vitals] Parsing CWV entry", source:  (3)
[81150:8098185:0530/120754.538203:INFO:CONSOLE:3] "[Core Web Vitals] Parsing CWV entry", source:  (3)
[81150:8098185:0530/120754.538215:INFO:CONSOLE:3] "[Core Web Vitals] Parsing CWV entry", source:  (3)
[81150:8098185:0530/120754.539001:INFO:CONSOLE:4] "[Core Web Vitals] Queue flushed (I)", source:  (4)
[81155:8098283:0530/120754.772232:WARNING:net/spdy/spdy_session.cc:3054] Received HEADERS for invalid stream 17
[81150:8098185:0530/120755.150285:INFO:CONSOLE:1] "This version of the RudderStack JavaScript SDK is deprecated and no longer maintained. While your events are still being tracked and delivered, we strongly recommend you to migrate to the latest version (v3) for enhanced features, security updates, and ongoing support. For more details, visit the migration guide: https://www.rudderstack.com/docs/sources/event-streams/sdks/rudderstack-javascript-sdk/migration-guide/.", source: https://cdn.rudderlabs.com/v1.1/rudder-analytics.min.js (1)
[81150:8098185:0530/120755.276439:WARNING:components/download/internal/background_service/controller_impl.cc:1187] Background download complete, client: 6, completion type: 0, file size:5158
[81150:8098185:0530/120755.333118:INFO:CONSOLE:6] "[object Object]", source:  (6)
[81150:8098185:0530/120755.333216:INFO:CONSOLE:6] "[object Object]", source:  (6)
[81150:8098185:0530/120755.333291:INFO:CONSOLE:6] "no DL user id", source:  (6)
[81150:8098185:0530/120755.333384:INFO:CONSOLE:6] "no stored DL user id", source:  (6)
[81150:8098185:0530/120755.335857:INFO:CONSOLE:1] "[Core Web Vitals] Beginning tag 'CHTML - Core Web Vitals - Initialization'", source:  (1)
[81150:8098185:0530/120755.335947:INFO:CONSOLE:1] "[Core Web Vitals] Beginning to load Web Vitals script", source:  (1)
[81150:8098185:0530/120755.336120:INFO:CONSOLE:8] "[Core Web Vitals] Ending tag 'Core Web Vitals - Initialization'", source:  (8)
[81150:8098185:0530/120755.367068:INFO:CONSOLE:2] "⏳ measure_backend_time: 3217ms", source: https://www.glassdoor.com.hk/web-core-sam/static/core-230d54c5e40c76b7.min.js (2)
[81150:8098185:0530/120755.384717:WARNING:components/download/internal/background_service/controller_impl.cc:1187] Background download complete, client: 6, completion type: 0, file size:265059
[81150:8098185:0530/120755.388211:INFO:CONSOLE:2] "⏳ measure_site_init: 3300.3ms", source: https://www.glassdoor.com.hk/web-core-sam/static/core-230d54c5e40c76b7.min.js (2)
[81150:8098185:0530/120755.403589:INFO:CONSOLE:2] "⏳ measure_core_bottom: 18.6ms", source: https://www.glassdoor.com.hk/web-core-sam/static/core-230d54c5e40c76b7.min.js (2)
[81150:8098185:0530/120755.472123:WARNING:components/download/internal/background_service/controller_impl.cc:1187] Background download complete, client: 6, completion type: 0, file size:883094
[81150:8098185:0530/120755.536565:INFO:CONSOLE:13] "[Core Web Vitals] webVitals and / or webVitals.flushQueue not present (K); false false", source:  (13)
[81150:8098185:0530/120755.648004:WARNING:components/download/internal/background_service/controller_impl.cc:1187] Background download complete, client: 6, completion type: 0, file size:45166
[81150:8098185:0530/120755.648830:WARNING:components/download/internal/background_service/controller_impl.cc:1187] Background download complete, client: 6, completion type: 0, file size:2200227
[81150:8098185:0530/120755.905037:INFO:CONSOLE:2] "[Core Web Vitals] Loaded Web Vitals script", source:  (2)
[81150:8098185:0530/120755.975073:INFO:CONSOLE:3] "[Core Web Vitals] Adding to queue: {"name":"FCP","value":2612,"rating":"needs-improvement","delta":2612,"entries":[{"name":"first-contentful-paint","entryType":"paint","startTime":2612,"duration":0}],"id":"v5-1748578075905-7024919996041","navigationType":"navigate"}", source:  (3)
[81150:8098185:0530/120756.054305:WARNING:components/download/internal/background_service/controller_impl.cc:1187] Background download complete, client: 6, completion type: 0, file size:2747169
[81150:8098185:0530/120756.067286:INFO:CONSOLE:6] "[object Object]", source:  (6)
[81150:8098185:0530/120756.067399:INFO:CONSOLE:6] "[object Object]", source:  (6)
[81150:8098185:0530/120756.067538:INFO:CONSOLE:6] "no DL user id", source:  (6)
[81150:8098185:0530/120756.067600:INFO:CONSOLE:6] "no stored DL user id", source:  (6)
[81150:8098185:0530/120756.073482:INFO:CONSOLE:1] "[Core Web Vitals] Beginning tag 'CHTML - Core Web Vitals - Initialization'", source:  (1)
[81150:8098185:0530/120756.073546:INFO:CONSOLE:1] "[Core Web Vitals] Skipping load for CWV script because not on RS initialization event and / or already began loading script", source:  (1)
[81150:8098185:0530/120756.073623:INFO:CONSOLE:8] "[Core Web Vitals] Ending tag 'Core Web Vitals - Initialization'", source:  (8)
[81150:8098185:0530/120756.106409:INFO:CONSOLE:13] "[Core Web Vitals] Flushing queue on event (J): pane viewed", source:  (13)
[81150:8098185:0530/120756.106755:INFO:CONSOLE:3] "[Core Web Vitals] Parsing CWV entry", source:  (3)
[81150:8098185:0530/120756.106950:INFO:CONSOLE:4] "[Core Web Vitals] Queue flushed (I)", source:  (4)
[81150:8098185:0530/120756.146203:WARNING:components/download/internal/background_service/controller_impl.cc:1187] Background download complete, client: 6, completion type: 0, file size:2992963
[81150:8098185:0530/120756.219656:WARNING:components/download/internal/background_service/controller_impl.cc:1187] Background download complete, client: 6, completion type: 0, file size:4680
[81150:8098185:0530/120756.404097:WARNING:components/download/internal/background_service/controller_impl.cc:1187] Background download complete, client: 6, completion type: 0, file size:118577
[81150:8098185:0530/120756.944934:INFO:CONSOLE:3] "[Core Web Vitals] Adding to queue: {"name":"TTFB","value":2456.800000011921,"rating":"poor","delta":2456.800000011921,"entries":[{"name":"https://www.glassdoor.com.hk/Job/hong-kong-jobs-SRCH_IL.0,9_IC2308631.htm?sc.keyword=&locT=C&locId=2308631","entryType":"navigation","startTime":0,"duration":4847,"initiatorType":"navigation","deliveryType":"","nextHopProtocol":"h2","renderBlockingStatus":"non-blocking","workerStart":672.1999999880791,"redirectStart":0,"redirectEnd":0,"fetchStart":673.1000000238419,"domainLookupStart":673.1000000238419,"domainLookupEnd":673.1000000238419,"connectStart":673.1000000238419,"secureConnectionStart":673.1000000238419,"connectEnd":673.1000000238419,"requestStart":676.3999999761581,"responseStart":2456.800000011921,"firstInterimResponseStart":0,"finalResponseHeadersStart":2456.800000011921,"responseEnd":3216.199999988079,"transferSize":143954,"encodedBodySize":143654,"decodedBodySize":812477,"responseStatus":200,"serverTiming":[{"name":"cfCacheStatus","duration":0,"description":"DYNAMIC"}],"unloadEventStart":0,"unloadEventEnd":0,"domInteractive":3268,"domContentLoadedEventStart":3485.199999988079,"domContentLoadedEventEnd":3485.300000011921,"domComplete":4844,"loadEventStart":4846.5,"loadEventEnd":4847,"type":"navigate","redirectCount":0,"activationStart":0,"criticalCHRestart":0,"notRestoredReasons":null}],"id":"v5-1748578075905-8828377683572","navigationType":"navigate"}", source:  (3)
[81150:8098185:0530/120757.230719:INFO:CONSOLE:73] "[GSI_LOGGER]: Your client application uses one of the Google One Tap prompt UI status methods that may stop functioning when FedCM becomes mandatory. Refer to the migration guide to update your code accordingly and opt-in to FedCM to test your changes. Learn more: https://developers.google.com/identity/gsi/web/guides/fedcm-migration?s=dc#display_moment and https://developers.google.com/identity/gsi/web/guides/fedcm-migration?s=dc#skipped_moment", source: https://accounts.google.com/gsi/client (73)
[81150:8098185:0530/120757.236293:INFO:CONSOLE:0] "Not signed in with the identity provider.", source: https://www.glassdoor.com.hk/Job/hong-kong-jobs-SRCH_IL.0,9_IC2308631.htm?sc.keyword=&locT=C&locId=2308631 (0)
[81155:8098279:0530/120802.139822:WARNING:net/extras/sqlite/sqlite_persistent_store_backend_base.cc:176] Failed to post task from FlushAndNotifyInBackground@net/extras/sqlite/sqlite_persistent_store_backend_base.cc:226 to client_task_runner_.
[81155:8098279:0530/120802.139858:WARNING:net/extras/sqlite/sqlite_persistent_store_backend_base.cc:176] Failed to post task from FlushAndNotifyInBackground@net/extras/sqlite/sqlite_persistent_store_backend_base.cc:226 to client_task_runner_.
